<?xml version="1.0" encoding="UTF-8"?>
<!-- Generated by org.testng.reporters.JUnitXMLReporter -->
<testsuite ignored="0" hostname="Dheeru" failures="2" tests="12" name="Test" time="0.613" errors="0" timestamp="2022-03-03T12:13:05 IST">
  <testcase classname="com.MyRetry.Samplewrk" name="passwrdVali" time="0.03">
    <skipped/>
  </testcase> <!-- passwrdVali -->
  <testcase classname="com.MyRetry.Samplewrk" name="passwrdVali" time="0.021">
    <skipped/>
  </testcase> <!-- passwrdVali -->
  <testcase classname="com.MyRetry.Samplewrk" name="passwrdVali" time="0.007">
    <skipped/>
  </testcase> <!-- passwrdVali -->
  <testcase classname="com.MyRetry.Samplewrk" name="passwrdVali" time="0.008">
    <skipped/>
  </testcase> <!-- passwrdVali -->
  <testcase classname="com.MyRetry.Samplewrk" name="passwrdVali" time="0.007">
    <skipped/>
  </testcase> <!-- passwrdVali -->
  <testcase classname="com.MyRetry.Samplewrk" name="passwrdVali" time="0.015">
    <failure type="java.lang.AssertionError" message="expected [kamal] but found [venkat]">
      <![CDATA[java.lang.AssertionError: expected [kamal] but found [venkat]
at com.MyRetry.Samplewrk.passwrdVali(Samplewrk.java:17)
at java.base/java.util.ArrayList.forEach(ArrayList.java:1511)
... Removed 33 stack frames]]>
    </failure>
  </testcase> <!-- passwrdVali -->
  <testcase classname="com.MyRetry.Samplewrk" name="userN" time="0.005">
    <skipped/>
  </testcase> <!-- userN -->
  <testcase classname="com.MyRetry.Samplewrk" name="userN" time="0.007">
    <skipped/>
  </testcase> <!-- userN -->
  <testcase classname="com.MyRetry.Samplewrk" name="userN" time="0.008">
    <skipped/>
  </testcase> <!-- userN -->
  <testcase classname="com.MyRetry.Samplewrk" name="userN" time="0.002">
    <skipped/>
  </testcase> <!-- userN -->
  <testcase classname="com.MyRetry.Samplewrk" name="userN" time="0.005">
    <skipped/>
  </testcase> <!-- userN -->
  <testcase classname="com.MyRetry.Samplewrk" name="userN" time="0.025">
    <failure type="java.lang.AssertionError" message="expected [Raj] but found [Raju]">
      <![CDATA[java.lang.AssertionError: expected [Raj] but found [Raju]
at com.MyRetry.Samplewrk.userN(Samplewrk.java:10)
at java.base/java.util.ArrayList.forEach(ArrayList.java:1511)
... Removed 33 stack frames]]>
    </failure>
  </testcase> <!-- userN -->
</testsuite> <!-- Test -->
